==559089== Memcheck, a memory error detector
==559089== Copyright (C) 2002-2017, and GNU GPL'd, by Julian Seward et al.
==559089== Using Valgrind-3.18.1 and LibVEX; rerun with -h for copyright info
==559089== Command: ./bin/minishell
==559089== Parent PID: 559076
==559089== 
==559089== 
==559089== HEAP SUMMARY:
==559089==     in use at exit: 8 bytes in 1 blocks
==559089==   total heap usage: 71 allocs, 70 frees, 986,232 bytes allocated
==559089== 
==559089== 8 bytes in 1 blocks are definitely lost in loss record 1 of 1
==559089==    at 0x4848899: malloc (in /usr/libexec/valgrind/vgpreload_memcheck-amd64-linux.so)
==559089==    by 0x1093DD: process_user_input (main.c:27)
==559089==    by 0x109550: main (main.c:82)
==559089== 
==559089== LEAK SUMMARY:
==559089==    definitely lost: 8 bytes in 1 blocks
==559089==    indirectly lost: 0 bytes in 0 blocks
==559089==      possibly lost: 0 bytes in 0 blocks
==559089==    still reachable: 0 bytes in 0 blocks
==559089==         suppressed: 0 bytes in 0 blocks
==559089== 
==559089== For lists of detected and suppressed errors, rerun with: -s
==559089== ERROR SUMMARY: 1 errors from 1 contexts (suppressed: 0 from 0)
